
> ads-block@0.1.0 build
> next build --webpack

▲ Next.js 16.1.6 (webpack)
- Environments: .env.local

  Creating an optimized production build ...
> [PWA] Compile server
> [PWA] Compile server
> [PWA] Compile client (static)
> [PWA] Auto register service worker with: D:\ads-block\node_modules\next-pwa\register.js
> [PWA] Service worker: D:\ads-block\public\sw.js
> [PWA]   url: /sw.js
> [PWA]   scope: /
> [PWA] Fallback to precache routes when fetch failed from cache or network:
> [PWA]   document (page): /offline.html
✓ Compiled successfully in 8.4s
  Running TypeScript ...
  Collecting page data using 7 workers ...
  Generating static pages using 7 workers (0/7) ...
  Generating static pages using 7 workers (1/7) 
  Generating static pages using 7 workers (3/7) 
  Generating static pages using 7 workers (5/7) 
✓ Generating static pages using 7 workers (7/7) in 389.5ms
  Finalizing page optimization ...
  Collecting build traces ...

Route (app)
┌ ○ /
├ ○ /_not-found
├ ƒ /api/likes/check
├ ƒ /api/likes/toggle
├ ƒ /api/youtube-search
└ ƒ /api/youtube-search-news


○  (Static)   prerendered as static content
ƒ  (Dynamic)  server-rendered on demand

